0 info it worked if it ends with ok
1 verbose cli [ 'D:\\Node.js\\node.exe',
1 verbose cli   'D:\\Node.js\\node_modules\\npm\\bin\\npm-cli.js',
1 verbose cli   'run',
1 verbose cli   'dev',
1 verbose cli   '--scripts-prepend-node-path=auto' ]
2 info using npm@2.15.1
3 info using node@v4.4.3
4 verbose run-script [ 'predev', 'dev', 'postdev' ]
5 info predev iSaP-web@2.1.2
6 info dev iSaP-web@2.1.2
7 verbose unsafe-perm in lifecycle true
8 info iSaP-web@2.1.2 Failed to exec dev script
9 verbose stack Error: iSaP-web@2.1.2 dev: `gulp dev`
9 verbose stack Exit status 1
9 verbose stack     at EventEmitter.<anonymous> (D:\Node.js\node_modules\npm\lib\utils\lifecycle.js:217:16)
9 verbose stack     at emitTwo (events.js:87:13)
9 verbose stack     at EventEmitter.emit (events.js:172:7)
9 verbose stack     at ChildProcess.<anonymous> (D:\Node.js\node_modules\npm\lib\utils\spawn.js:24:14)
9 verbose stack     at emitTwo (events.js:87:13)
9 verbose stack     at ChildProcess.emit (events.js:172:7)
9 verbose stack     at maybeClose (internal/child_process.js:827:16)
9 verbose stack     at Process.ChildProcess._handle.onexit (internal/child_process.js:211:5)
10 verbose pkgid iSaP-web@2.1.2
11 verbose cwd E:\iSaP-web-simple
12 error Windows_NT 10.0.17134
13 error argv "D:\\Node.js\\node.exe" "D:\\Node.js\\node_modules\\npm\\bin\\npm-cli.js" "run" "dev" "--scripts-prepend-node-path=auto"
14 error node v4.4.3
15 error npm  v2.15.1
16 error code ELIFECYCLE
17 error iSaP-web@2.1.2 dev: `gulp dev`
17 error Exit status 1
18 error Failed at the iSaP-web@2.1.2 dev script 'gulp dev'.
18 error This is most likely a problem with the iSaP-web package,
18 error not with npm itself.
18 error Tell the author that this fails on your system:
18 error     gulp dev
18 error You can get information on how to open an issue for this project with:
18 error     npm bugs iSaP-web
18 error Or if that isn't available, you can get their info via:
18 error
18 error     npm owner ls iSaP-web
18 error There is likely additional logging output above.
19 verbose exit [ 1, true ]
